# JRE version: OpenJDK Runtime Environment (8.0_292-b10) (build 1.8.0_292-b10)
# Java VM: OpenJDK 64-Bit Server VM (25.292-b10 mixed mode windows-amd64 compressed oops)
Heap:
 PSYoungGen      total 167936K, used 146234K [0x00000000eab00000, 0x00000000f8c00000, 0x0000000100000000)
  eden space 155136K, 94% used [0x00000000eab00000,0x00000000f39ceac0,0x00000000f4280000)
  from space 12800K, 0% used [0x00000000f5000000,0x00000000f5000000,0x00000000f5c80000)
  to   space 13824K, 0% used [0x00000000f4280000,0x00000000f4280000,0x00000000f5000000)
 ParOldGen       total 99328K, used 17955K [0x00000000c0000000, 0x00000000c6100000, 0x00000000eab00000)
  object space 99328K, 18% used [0x00000000c0000000,0x00000000c1188e08,0x00000000c6100000)
 Metaspace       used 40668K, capacity 41340K, committed 41640K, reserved 1085440K
  class space    used 5798K, capacity 6023K, committed 6064K, reserved 1048576K
GC Heap History (10 events):
Event: 2.471 GC heap before
{Heap before GC invocations=6 (full 1):
 PSYoungGen      total 71680K, used 5110K [0x00000000eab00000, 0x00000000f4200000, 0x0000000100000000)
  eden space 66560K, 0% used [0x00000000eab00000,0x00000000eab00000,0x00000000eec00000)
  from space 5120K, 99% used [0x00000000eec00000,0x00000000ef0fd860,0x00000000ef100000)
  to   space 10752K, 0% used [0x00000000f3780000,0x00000000f3780000,0x00000000f4200000)
 ParOldGen       total 87552K, used 8646K [0x00000000c0000000, 0x00000000c5580000, 0x00000000eab00000)
  object space 87552K, 9% used [0x00000000c0000000,0x00000000c0871ab8,0x00000000c5580000)
 Metaspace       used 20942K, capacity 21236K, committed 21296K, reserved 1067008K
  class space    used 2976K, capacity 3101K, committed 3120K, reserved 1048576K
Event: 2.503 GC heap after
Heap after GC invocations=6 (full 1):
 PSYoungGen      total 71680K, used 0K [0x00000000eab00000, 0x00000000f4200000, 0x0000000100000000)
  eden space 66560K, 0% used [0x00000000eab00000,0x00000000eab00000,0x00000000eec00000)
  from space 5120K, 0% used [0x00000000eec00000,0x00000000eec00000,0x00000000ef100000)
  to   space 10752K, 0% used [0x00000000f3780000,0x00000000f3780000,0x00000000f4200000)
 ParOldGen       total 62976K, used 8784K [0x00000000c0000000, 0x00000000c3d80000, 0x00000000eab00000)
  object space 62976K, 13% used [0x00000000c0000000,0x00000000c0894268,0x00000000c3d80000)
 Metaspace       used 20942K, capacity 21236K, committed 21296K, reserved 1067008K
  class space    used 2976K, capacity 3101K, committed 3120K, reserved 1048576K
}
Event: 3.213 GC heap before
{Heap before GC invocations=7 (full 1):
 PSYoungGen      total 71680K, used 66560K [0x00000000eab00000, 0x00000000f4200000, 0x0000000100000000)
  eden space 66560K, 100% used [0x00000000eab00000,0x00000000eec00000,0x00000000eec00000)
  from space 5120K, 0% used [0x00000000eec00000,0x00000000eec00000,0x00000000ef100000)
  to   space 10752K, 0% used [0x00000000f3780000,0x00000000f3780000,0x00000000f4200000)
 ParOldGen       total 62976K, used 8784K [0x00000000c0000000, 0x00000000c3d80000, 0x00000000eab00000)
  object space 62976K, 13% used [0x00000000c0000000,0x00000000c0894268,0x00000000c3d80000)
 Metaspace       used 25956K, capacity 26238K, committed 26416K, reserved 1071104K
  class space    used 3680K, capacity 3784K, committed 3888K, reserved 1048576K
Event: 3.224 GC heap after
Heap after GC invocations=7 (full 1):
 PSYoungGen      total 108544K, used 6158K [0x00000000eab00000, 0x00000000f3e00000, 0x0000000100000000)
  eden space 101888K, 0% used [0x00000000eab00000,0x00000000eab00000,0x00000000f0e80000)
  from space 6656K, 92% used [0x00000000f3780000,0x00000000f3d83988,0x00000000f3e00000)
  to   space 10240K, 0% used [0x00000000f2a00000,0x00000000f2a00000,0x00000000f3400000)
 ParOldGen       total 62976K, used 8792K [0x00000000c0000000, 0x00000000c3d80000, 0x00000000eab00000)
  object space 62976K, 13% used [0x00000000c0000000,0x00000000c0896268,0x00000000c3d80000)
 Metaspace       used 25956K, capacity 26238K, committed 26416K, reserved 1071104K
  class space    used 3680K, capacity 3784K, committed 3888K, reserved 1048576K
}
Event: 4.339 GC heap before
{Heap before GC invocations=8 (full 1):
 PSYoungGen      total 108544K, used 108046K [0x00000000eab00000, 0x00000000f3e00000, 0x0000000100000000)
  eden space 101888K, 100% used [0x00000000eab00000,0x00000000f0e80000,0x00000000f0e80000)
  from space 6656K, 92% used [0x00000000f3780000,0x00000000f3d83988,0x00000000f3e00000)
  to   space 10240K, 0% used [0x00000000f2a00000,0x00000000f2a00000,0x00000000f3400000)
 ParOldGen       total 62976K, used 8792K [0x00000000c0000000, 0x00000000c3d80000, 0x00000000eab00000)
  object space 62976K, 13% used [0x00000000c0000000,0x00000000c0896268,0x00000000c3d80000)
 Metaspace       used 31809K, capacity 32344K, committed 32432K, reserved 1077248K
  class space    used 4600K, capacity 4764K, committed 4784K, reserved 1048576K
Event: 4.356 GC heap after
Heap after GC invocations=8 (full 1):
 PSYoungGen      total 140288K, used 10232K [0x00000000eab00000, 0x00000000f5c80000, 0x0000000100000000)
  eden space 130048K, 0% used [0x00000000eab00000,0x00000000eab00000,0x00000000f2a00000)
  from space 10240K, 99% used [0x00000000f2a00000,0x00000000f33fe300,0x00000000f3400000)
  to   space 12800K, 0% used [0x00000000f5000000,0x00000000f5000000,0x00000000f5c80000)
 ParOldGen       total 62976K, used 11322K [0x00000000c0000000, 0x00000000c3d80000, 0x00000000eab00000)
  object space 62976K, 17% used [0x00000000c0000000,0x00000000c0b0eba0,0x00000000c3d80000)
 Metaspace       used 31809K, capacity 32344K, committed 32432K, reserved 1077248K
  class space    used 4600K, capacity 4764K, committed 4784K, reserved 1048576K
}
Event: 4.757 GC heap before
{Heap before GC invocations=9 (full 1):
 PSYoungGen      total 140288K, used 41500K [0x00000000eab00000, 0x00000000f5c80000, 0x0000000100000000)
  eden space 130048K, 24% used [0x00000000eab00000,0x00000000ec988fc8,0x00000000f2a00000)
  from space 10240K, 99% used [0x00000000f2a00000,0x00000000f33fe300,0x00000000f3400000)
  to   space 12800K, 0% used [0x00000000f5000000,0x00000000f5000000,0x00000000f5c80000)
 ParOldGen       total 62976K, used 11322K [0x00000000c0000000, 0x00000000c3d80000, 0x00000000eab00000)
  object space 62976K, 17% used [0x00000000c0000000,0x00000000c0b0eba0,0x00000000c3d80000)
 Metaspace       used 34787K, capacity 35382K, committed 35496K, reserved 1079296K
  class space    used 5051K, capacity 5263K, committed 5296K, reserved 1048576K
Event: 4.766 GC heap after
Heap after GC invocations=9 (full 1):
 PSYoungGen      total 167936K, used 11565K [0x00000000eab00000, 0x00000000f8c00000, 0x0000000100000000)
  eden space 155136K, 0% used [0x00000000eab00000,0x00000000eab00000,0x00000000f4280000)
  from space 12800K, 90% used [0x00000000f5000000,0x00000000f5b4b558,0x00000000f5c80000)
  to   space 13824K, 0% used [0x00000000f4280000,0x00000000f4280000,0x00000000f5000000)
 ParOldGen       total 62976K, used 11330K [0x00000000c0000000, 0x00000000c3d80000, 0x00000000eab00000)
  object space 62976K, 17% used [0x00000000c0000000,0x00000000c0b10ba0,0x00000000c3d80000)
 Metaspace       used 34787K, capacity 35382K, committed 35496K, reserved 1079296K
  class space    used 5051K, capacity 5263K, committed 5296K, reserved 1048576K
}
Event: 4.766 GC heap before
{Heap before GC invocations=10 (full 2):
 PSYoungGen      total 167936K, used 11565K [0x00000000eab00000, 0x00000000f8c00000, 0x0000000100000000)
  eden space 155136K, 0% used [0x00000000eab00000,0x00000000eab00000,0x00000000f4280000)
  from space 12800K, 90% used [0x00000000f5000000,0x00000000f5b4b558,0x00000000f5c80000)
  to   space 13824K, 0% used [0x00000000f4280000,0x00000000f4280000,0x00000000f5000000)
 ParOldGen       total 62976K, used 11330K [0x00000000c0000000, 0x00000000c3d80000, 0x00000000eab00000)
  object space 62976K, 17% used [0x00000000c0000000,0x00000000c0b10ba0,0x00000000c3d80000)
 Metaspace       used 34787K, capacity 35382K, committed 35496K, reserved 1079296K
  class space    used 5051K, capacity 5263K, committed 5296K, reserved 1048576K
Event: 4.826 GC heap after
Heap after GC invocations=10 (full 2):
 PSYoungGen      total 167936K, used 0K [0x00000000eab00000, 0x00000000f8c00000, 0x0000000100000000)
  eden space 155136K, 0% used [0x00000000eab00000,0x00000000eab00000,0x00000000f4280000)
  from space 12800K, 0% used [0x00000000f5000000,0x00000000f5000000,0x00000000f5c80000)
  to   space 13824K, 0% used [0x00000000f4280000,0x00000000f4280000,0x00000000f5000000)
 ParOldGen       total 99328K, used 17955K [0x00000000c0000000, 0x00000000c6100000, 0x00000000eab00000)
  object space 99328K, 18% used [0x00000000c0000000,0x00000000c1188e08,0x00000000c6100000)
 Metaspace       used 34787K, capacity 35382K, committed 35496K, reserved 1079296K
  class space    used 5051K, capacity 5263K, committed 5296K, reserved 1048576K
}

