# JRE version: OpenJDK Runtime Environment (8.0_292-b10) (build 1.8.0_292-b10)
# Java VM: OpenJDK 64-Bit Server VM (25.292-b10 mixed mode windows-amd64 compressed oops)
Heap:
 PSYoungGen      total 153600K, used 105075K [0x00000000eab00000, 0x00000000f8300000, 0x0000000100000000)
  eden space 140800K, 74% used [0x00000000eab00000,0x00000000f119cc20,0x00000000f3480000)
  from space 12800K, 0% used [0x00000000f4200000,0x00000000f4200000,0x00000000f4e80000)
  to   space 13824K, 0% used [0x00000000f3480000,0x00000000f3480000,0x00000000f4200000)
 ParOldGen       total 102912K, used 18066K [0x00000000c0000000, 0x00000000c6480000, 0x00000000eab00000)
  object space 102912K, 17% used [0x00000000c0000000,0x00000000c11a4978,0x00000000c6480000)
 Metaspace       used 40639K, capacity 41340K, committed 41640K, reserved 1085440K
  class space    used 5797K, capacity 6023K, committed 6064K, reserved 1048576K
GC Heap History (10 events):
Event: 2.218 GC heap before
{Heap before GC invocations=6 (full 1):
 PSYoungGen      total 71680K, used 5110K [0x00000000eab00000, 0x00000000f4200000, 0x0000000100000000)
  eden space 66560K, 0% used [0x00000000eab00000,0x00000000eab00000,0x00000000eec00000)
  from space 5120K, 99% used [0x00000000eec00000,0x00000000ef0fd890,0x00000000ef100000)
  to   space 10752K, 0% used [0x00000000f3780000,0x00000000f3780000,0x00000000f4200000)
 ParOldGen       total 87552K, used 8615K [0x00000000c0000000, 0x00000000c5580000, 0x00000000eab00000)
  object space 87552K, 9% used [0x00000000c0000000,0x00000000c0869c20,0x00000000c5580000)
 Metaspace       used 20940K, capacity 21236K, committed 21296K, reserved 1067008K
  class space    used 2978K, capacity 3101K, committed 3120K, reserved 1048576K
Event: 2.258 GC heap after
Heap after GC invocations=6 (full 1):
 PSYoungGen      total 71680K, used 0K [0x00000000eab00000, 0x00000000f4200000, 0x0000000100000000)
  eden space 66560K, 0% used [0x00000000eab00000,0x00000000eab00000,0x00000000eec00000)
  from space 5120K, 0% used [0x00000000eec00000,0x00000000eec00000,0x00000000ef100000)
  to   space 10752K, 0% used [0x00000000f3780000,0x00000000f3780000,0x00000000f4200000)
 ParOldGen       total 64512K, used 8784K [0x00000000c0000000, 0x00000000c3f00000, 0x00000000eab00000)
  object space 64512K, 13% used [0x00000000c0000000,0x00000000c08942a8,0x00000000c3f00000)
 Metaspace       used 20940K, capacity 21236K, committed 21296K, reserved 1067008K
  class space    used 2978K, capacity 3101K, committed 3120K, reserved 1048576K
}
Event: 2.986 GC heap before
{Heap before GC invocations=7 (full 1):
 PSYoungGen      total 71680K, used 66560K [0x00000000eab00000, 0x00000000f4200000, 0x0000000100000000)
  eden space 66560K, 100% used [0x00000000eab00000,0x00000000eec00000,0x00000000eec00000)
  from space 5120K, 0% used [0x00000000eec00000,0x00000000eec00000,0x00000000ef100000)
  to   space 10752K, 0% used [0x00000000f3780000,0x00000000f3780000,0x00000000f4200000)
 ParOldGen       total 64512K, used 8784K [0x00000000c0000000, 0x00000000c3f00000, 0x00000000eab00000)
  object space 64512K, 13% used [0x00000000c0000000,0x00000000c08942a8,0x00000000c3f00000)
 Metaspace       used 26011K, capacity 26334K, committed 26672K, reserved 1073152K
  class space    used 3693K, capacity 3816K, committed 3888K, reserved 1048576K
Event: 2.993 GC heap after
Heap after GC invocations=7 (full 1):
 PSYoungGen      total 104448K, used 6149K [0x00000000eab00000, 0x00000000f3e00000, 0x0000000100000000)
  eden space 97792K, 0% used [0x00000000eab00000,0x00000000eab00000,0x00000000f0a80000)
  from space 6656K, 92% used [0x00000000f3780000,0x00000000f3d81600,0x00000000f3e00000)
  to   space 10240K, 0% used [0x00000000f2a00000,0x00000000f2a00000,0x00000000f3400000)
 ParOldGen       total 64512K, used 8792K [0x00000000c0000000, 0x00000000c3f00000, 0x00000000eab00000)
  object space 64512K, 13% used [0x00000000c0000000,0x00000000c08962a8,0x00000000c3f00000)
 Metaspace       used 26011K, capacity 26334K, committed 26672K, reserved 1073152K
  class space    used 3693K, capacity 3816K, committed 3888K, reserved 1048576K
}
Event: 4.053 GC heap before
{Heap before GC invocations=8 (full 1):
 PSYoungGen      total 104448K, used 103941K [0x00000000eab00000, 0x00000000f3e00000, 0x0000000100000000)
  eden space 97792K, 100% used [0x00000000eab00000,0x00000000f0a80000,0x00000000f0a80000)
  from space 6656K, 92% used [0x00000000f3780000,0x00000000f3d81600,0x00000000f3e00000)
  to   space 10240K, 0% used [0x00000000f2a00000,0x00000000f2a00000,0x00000000f3400000)
 ParOldGen       total 64512K, used 8792K [0x00000000c0000000, 0x00000000c3f00000, 0x00000000eab00000)
  object space 64512K, 13% used [0x00000000c0000000,0x00000000c08962a8,0x00000000c3f00000)
 Metaspace       used 31646K, capacity 32118K, committed 32176K, reserved 1077248K
  class space    used 4577K, capacity 4730K, committed 4784K, reserved 1048576K
Event: 4.065 GC heap after
Heap after GC invocations=8 (full 1):
 PSYoungGen      total 140288K, used 10219K [0x00000000eab00000, 0x00000000f4e80000, 0x0000000100000000)
  eden space 130048K, 0% used [0x00000000eab00000,0x00000000eab00000,0x00000000f2a00000)
  from space 10240K, 99% used [0x00000000f2a00000,0x00000000f33faf40,0x00000000f3400000)
  to   space 12800K, 0% used [0x00000000f4200000,0x00000000f4200000,0x00000000f4e80000)
 ParOldGen       total 64512K, used 10811K [0x00000000c0000000, 0x00000000c3f00000, 0x00000000eab00000)
  object space 64512K, 16% used [0x00000000c0000000,0x00000000c0a8eca8,0x00000000c3f00000)
 Metaspace       used 31646K, capacity 32118K, committed 32176K, reserved 1077248K
  class space    used 4577K, capacity 4730K, committed 4784K, reserved 1048576K
}
Event: 4.528 GC heap before
{Heap before GC invocations=9 (full 1):
 PSYoungGen      total 140288K, used 46222K [0x00000000eab00000, 0x00000000f4e80000, 0x0000000100000000)
  eden space 130048K, 27% used [0x00000000eab00000,0x00000000ece28b48,0x00000000f2a00000)
  from space 10240K, 99% used [0x00000000f2a00000,0x00000000f33faf40,0x00000000f3400000)
  to   space 12800K, 0% used [0x00000000f4200000,0x00000000f4200000,0x00000000f4e80000)
 ParOldGen       total 64512K, used 10811K [0x00000000c0000000, 0x00000000c3f00000, 0x00000000eab00000)
  object space 64512K, 16% used [0x00000000c0000000,0x00000000c0a8eca8,0x00000000c3f00000)
 Metaspace       used 34783K, capacity 35382K, committed 35496K, reserved 1079296K
  class space    used 5053K, capacity 5263K, committed 5296K, reserved 1048576K
Event: 4.540 GC heap after
Heap after GC invocations=9 (full 1):
 PSYoungGen      total 153600K, used 11697K [0x00000000eab00000, 0x00000000f8300000, 0x0000000100000000)
  eden space 140800K, 0% used [0x00000000eab00000,0x00000000eab00000,0x00000000f3480000)
  from space 12800K, 91% used [0x00000000f4200000,0x00000000f4d6c7a0,0x00000000f4e80000)
  to   space 13824K, 0% used [0x00000000f3480000,0x00000000f3480000,0x00000000f4200000)
 ParOldGen       total 64512K, used 10819K [0x00000000c0000000, 0x00000000c3f00000, 0x00000000eab00000)
  object space 64512K, 16% used [0x00000000c0000000,0x00000000c0a90ca8,0x00000000c3f00000)
 Metaspace       used 34783K, capacity 35382K, committed 35496K, reserved 1079296K
  class space    used 5053K, capacity 5263K, committed 5296K, reserved 1048576K
}
Event: 4.540 GC heap before
{Heap before GC invocations=10 (full 2):
 PSYoungGen      total 153600K, used 11697K [0x00000000eab00000, 0x00000000f8300000, 0x0000000100000000)
  eden space 140800K, 0% used [0x00000000eab00000,0x00000000eab00000,0x00000000f3480000)
  from space 12800K, 91% used [0x00000000f4200000,0x00000000f4d6c7a0,0x00000000f4e80000)
  to   space 13824K, 0% used [0x00000000f3480000,0x00000000f3480000,0x00000000f4200000)
 ParOldGen       total 64512K, used 10819K [0x00000000c0000000, 0x00000000c3f00000, 0x00000000eab00000)
  object space 64512K, 16% used [0x00000000c0000000,0x00000000c0a90ca8,0x00000000c3f00000)
 Metaspace       used 34783K, capacity 35382K, committed 35496K, reserved 1079296K
  class space    used 5053K, capacity 5263K, committed 5296K, reserved 1048576K
Event: 4.609 GC heap after
Heap after GC invocations=10 (full 2):
 PSYoungGen      total 153600K, used 0K [0x00000000eab00000, 0x00000000f8300000, 0x0000000100000000)
  eden space 140800K, 0% used [0x00000000eab00000,0x00000000eab00000,0x00000000f3480000)
  from space 12800K, 0% used [0x00000000f4200000,0x00000000f4200000,0x00000000f4e80000)
  to   space 13824K, 0% used [0x00000000f3480000,0x00000000f3480000,0x00000000f4200000)
 ParOldGen       total 102912K, used 18066K [0x00000000c0000000, 0x00000000c6480000, 0x00000000eab00000)
  object space 102912K, 17% used [0x00000000c0000000,0x00000000c11a4978,0x00000000c6480000)
 Metaspace       used 34783K, capacity 35382K, committed 35496K, reserved 1079296K
  class space    used 5053K, capacity 5263K, committed 5296K, reserved 1048576K
}

