# JRE version: OpenJDK Runtime Environment (8.0_292-b10) (build 1.8.0_292-b10)
# Java VM: OpenJDK 64-Bit Server VM (25.292-b10 mixed mode windows-amd64 compressed oops)
Heap:
 PSYoungGen      total 162816K, used 70771K [0x00000000eab00000, 0x00000000f8a80000, 0x0000000100000000)
  eden space 150016K, 47% used [0x00000000eab00000,0x00000000ef01ce28,0x00000000f3d80000)
  from space 12800K, 0% used [0x00000000f4b00000,0x00000000f4b00000,0x00000000f5780000)
  to   space 13824K, 0% used [0x00000000f3d80000,0x00000000f3d80000,0x00000000f4b00000)
 ParOldGen       total 102400K, used 18148K [0x00000000c0000000, 0x00000000c6400000, 0x00000000eab00000)
  object space 102400K, 17% used [0x00000000c0000000,0x00000000c11b9058,0x00000000c6400000)
 Metaspace       used 35834K, capacity 36424K, committed 36648K, reserved 1081344K
  class space    used 5193K, capacity 5407K, committed 5424K, reserved 1048576K
GC Heap History (10 events):
Event: 2.334 GC heap before
{Heap before GC invocations=6 (full 1):
 PSYoungGen      total 71680K, used 5098K [0x00000000eab00000, 0x00000000f4200000, 0x0000000100000000)
  eden space 66560K, 0% used [0x00000000eab00000,0x00000000eab00000,0x00000000eec00000)
  from space 5120K, 99% used [0x00000000eec00000,0x00000000ef0fa860,0x00000000ef100000)
  to   space 10752K, 0% used [0x00000000f3780000,0x00000000f3780000,0x00000000f4200000)
 ParOldGen       total 87552K, used 8640K [0x00000000c0000000, 0x00000000c5580000, 0x00000000eab00000)
  object space 87552K, 9% used [0x00000000c0000000,0x00000000c0870198,0x00000000c5580000)
 Metaspace       used 20939K, capacity 21236K, committed 21296K, reserved 1067008K
  class space    used 2977K, capacity 3101K, committed 3120K, reserved 1048576K
Event: 2.367 GC heap after
Heap after GC invocations=6 (full 1):
 PSYoungGen      total 71680K, used 0K [0x00000000eab00000, 0x00000000f4200000, 0x0000000100000000)
  eden space 66560K, 0% used [0x00000000eab00000,0x00000000eab00000,0x00000000eec00000)
  from space 5120K, 0% used [0x00000000eec00000,0x00000000eec00000,0x00000000ef100000)
  to   space 10752K, 0% used [0x00000000f3780000,0x00000000f3780000,0x00000000f4200000)
 ParOldGen       total 62976K, used 8781K [0x00000000c0000000, 0x00000000c3d80000, 0x00000000eab00000)
  object space 62976K, 13% used [0x00000000c0000000,0x00000000c08934e0,0x00000000c3d80000)
 Metaspace       used 20939K, capacity 21236K, committed 21296K, reserved 1067008K
  class space    used 2977K, capacity 3101K, committed 3120K, reserved 1048576K
}
Event: 3.088 GC heap before
{Heap before GC invocations=7 (full 1):
 PSYoungGen      total 71680K, used 66560K [0x00000000eab00000, 0x00000000f4200000, 0x0000000100000000)
  eden space 66560K, 100% used [0x00000000eab00000,0x00000000eec00000,0x00000000eec00000)
  from space 5120K, 0% used [0x00000000eec00000,0x00000000eec00000,0x00000000ef100000)
  to   space 10752K, 0% used [0x00000000f3780000,0x00000000f3780000,0x00000000f4200000)
 ParOldGen       total 62976K, used 8781K [0x00000000c0000000, 0x00000000c3d80000, 0x00000000eab00000)
  object space 62976K, 13% used [0x00000000c0000000,0x00000000c08934e0,0x00000000c3d80000)
 Metaspace       used 25952K, capacity 26238K, committed 26416K, reserved 1071104K
  class space    used 3678K, capacity 3784K, committed 3888K, reserved 1048576K
Event: 3.096 GC heap after
Heap after GC invocations=7 (full 1):
 PSYoungGen      total 107008K, used 6132K [0x00000000eab00000, 0x00000000f3d80000, 0x0000000100000000)
  eden space 100864K, 0% used [0x00000000eab00000,0x00000000eab00000,0x00000000f0d80000)
  from space 6144K, 99% used [0x00000000f3780000,0x00000000f3d7d148,0x00000000f3d80000)
  to   space 10240K, 0% used [0x00000000f2980000,0x00000000f2980000,0x00000000f3380000)
 ParOldGen       total 62976K, used 8789K [0x00000000c0000000, 0x00000000c3d80000, 0x00000000eab00000)
  object space 62976K, 13% used [0x00000000c0000000,0x00000000c08954e0,0x00000000c3d80000)
 Metaspace       used 25952K, capacity 26238K, committed 26416K, reserved 1071104K
  class space    used 3678K, capacity 3784K, committed 3888K, reserved 1048576K
}
Event: 4.265 GC heap before
{Heap before GC invocations=8 (full 1):
 PSYoungGen      total 107008K, used 106996K [0x00000000eab00000, 0x00000000f3d80000, 0x0000000100000000)
  eden space 100864K, 100% used [0x00000000eab00000,0x00000000f0d80000,0x00000000f0d80000)
  from space 6144K, 99% used [0x00000000f3780000,0x00000000f3d7d148,0x00000000f3d80000)
  to   space 10240K, 0% used [0x00000000f2980000,0x00000000f2980000,0x00000000f3380000)
 ParOldGen       total 62976K, used 8789K [0x00000000c0000000, 0x00000000c3d80000, 0x00000000eab00000)
  object space 62976K, 13% used [0x00000000c0000000,0x00000000c08954e0,0x00000000c3d80000)
 Metaspace       used 31657K, capacity 32120K, committed 32176K, reserved 1077248K
  class space    used 4580K, capacity 4732K, committed 4784K, reserved 1048576K
Event: 4.279 GC heap after
Heap after GC invocations=8 (full 1):
 PSYoungGen      total 139776K, used 10233K [0x00000000eab00000, 0x00000000f5780000, 0x0000000100000000)
  eden space 129536K, 0% used [0x00000000eab00000,0x00000000eab00000,0x00000000f2980000)
  from space 10240K, 99% used [0x00000000f2980000,0x00000000f337e6b0,0x00000000f3380000)
  to   space 12800K, 0% used [0x00000000f4b00000,0x00000000f4b00000,0x00000000f5780000)
 ParOldGen       total 62976K, used 11061K [0x00000000c0000000, 0x00000000c3d80000, 0x00000000eab00000)
  object space 62976K, 17% used [0x00000000c0000000,0x00000000c0acd548,0x00000000c3d80000)
 Metaspace       used 31657K, capacity 32120K, committed 32176K, reserved 1077248K
  class space    used 4580K, capacity 4732K, committed 4784K, reserved 1048576K
}
Event: 4.805 GC heap before
{Heap before GC invocations=9 (full 1):
 PSYoungGen      total 139776K, used 45862K [0x00000000eab00000, 0x00000000f5780000, 0x0000000100000000)
  eden space 129536K, 27% used [0x00000000eab00000,0x00000000ecdcb400,0x00000000f2980000)
  from space 10240K, 99% used [0x00000000f2980000,0x00000000f337e6b0,0x00000000f3380000)
  to   space 12800K, 0% used [0x00000000f4b00000,0x00000000f4b00000,0x00000000f5780000)
 ParOldGen       total 62976K, used 11061K [0x00000000c0000000, 0x00000000c3d80000, 0x00000000eab00000)
  object space 62976K, 17% used [0x00000000c0000000,0x00000000c0acd548,0x00000000c3d80000)
 Metaspace       used 34836K, capacity 35414K, committed 35496K, reserved 1079296K
  class space    used 5068K, capacity 5295K, committed 5296K, reserved 1048576K
Event: 4.820 GC heap after
Heap after GC invocations=9 (full 1):
 PSYoungGen      total 162816K, used 11791K [0x00000000eab00000, 0x00000000f8a80000, 0x0000000100000000)
  eden space 150016K, 0% used [0x00000000eab00000,0x00000000eab00000,0x00000000f3d80000)
  from space 12800K, 92% used [0x00000000f4b00000,0x00000000f5683c18,0x00000000f5780000)
  to   space 13824K, 0% used [0x00000000f3d80000,0x00000000f3d80000,0x00000000f4b00000)
 ParOldGen       total 62976K, used 11069K [0x00000000c0000000, 0x00000000c3d80000, 0x00000000eab00000)
  object space 62976K, 17% used [0x00000000c0000000,0x00000000c0acf548,0x00000000c3d80000)
 Metaspace       used 34836K, capacity 35414K, committed 35496K, reserved 1079296K
  class space    used 5068K, capacity 5295K, committed 5296K, reserved 1048576K
}
Event: 4.821 GC heap before
{Heap before GC invocations=10 (full 2):
 PSYoungGen      total 162816K, used 11791K [0x00000000eab00000, 0x00000000f8a80000, 0x0000000100000000)
  eden space 150016K, 0% used [0x00000000eab00000,0x00000000eab00000,0x00000000f3d80000)
  from space 12800K, 92% used [0x00000000f4b00000,0x00000000f5683c18,0x00000000f5780000)
  to   space 13824K, 0% used [0x00000000f3d80000,0x00000000f3d80000,0x00000000f4b00000)
 ParOldGen       total 62976K, used 11069K [0x00000000c0000000, 0x00000000c3d80000, 0x00000000eab00000)
  object space 62976K, 17% used [0x00000000c0000000,0x00000000c0acf548,0x00000000c3d80000)
 Metaspace       used 34836K, capacity 35414K, committed 35496K, reserved 1079296K
  class space    used 5068K, capacity 5295K, committed 5296K, reserved 1048576K
Event: 4.924 GC heap after
Heap after GC invocations=10 (full 2):
 PSYoungGen      total 162816K, used 0K [0x00000000eab00000, 0x00000000f8a80000, 0x0000000100000000)
  eden space 150016K, 0% used [0x00000000eab00000,0x00000000eab00000,0x00000000f3d80000)
  from space 12800K, 0% used [0x00000000f4b00000,0x00000000f4b00000,0x00000000f5780000)
  to   space 13824K, 0% used [0x00000000f3d80000,0x00000000f3d80000,0x00000000f4b00000)
 ParOldGen       total 102400K, used 18148K [0x00000000c0000000, 0x00000000c6400000, 0x00000000eab00000)
  object space 102400K, 17% used [0x00000000c0000000,0x00000000c11b9058,0x00000000c6400000)
 Metaspace       used 34836K, capacity 35414K, committed 35496K, reserved 1079296K
  class space    used 5068K, capacity 5295K, committed 5296K, reserved 1048576K
}

