# JRE version: OpenJDK Runtime Environment (8.0_292-b10) (build 1.8.0_292-b10)
# Java VM: OpenJDK 64-Bit Server VM (25.292-b10 mixed mode windows-amd64 compressed oops)
Heap:
 PSYoungGen      total 93184K, used 25986K [0x00000000eab00000, 0x00000000f1400000, 0x0000000100000000)
  eden space 83968K, 23% used [0x00000000eab00000,0x00000000ebea06c8,0x00000000efd00000)
  from space 9216K, 63% used [0x00000000f0b00000,0x00000000f10c0420,0x00000000f1400000)
  to   space 11776K, 0% used [0x00000000efd00000,0x00000000efd00000,0x00000000f0880000)
 ParOldGen       total 103936K, used 18339K [0x00000000c0000000, 0x00000000c6580000, 0x00000000eab00000)
  object space 103936K, 17% used [0x00000000c0000000,0x00000000c11e8dc8,0x00000000c6580000)
 Metaspace       used 40646K, capacity 41340K, committed 41640K, reserved 1085440K
  class space    used 5797K, capacity 6023K, committed 6064K, reserved 1048576K
GC Heap History (10 events):
Event: 4.656 GC heap before
{Heap before GC invocations=10 (full 1):
 PSYoungGen      total 83456K, used 64452K [0x00000000eab00000, 0x00000000f1700000, 0x0000000100000000)
  eden space 73216K, 75% used [0x00000000eab00000,0x00000000ee1149f8,0x00000000ef280000)
  from space 10240K, 88% used [0x00000000efd80000,0x00000000f065c810,0x00000000f0780000)
  to   space 11264K, 0% used [0x00000000ef280000,0x00000000ef280000,0x00000000efd80000)
 ParOldGen       total 64512K, used 8807K [0x00000000c0000000, 0x00000000c3f00000, 0x00000000eab00000)
  object space 64512K, 13% used [0x00000000c0000000,0x00000000c0899cf8,0x00000000c3f00000)
 Metaspace       used 34796K, capacity 35382K, committed 35496K, reserved 1079296K
  class space    used 5058K, capacity 5263K, committed 5296K, reserved 1048576K
Event: 4.665 GC heap after
Heap after GC invocations=10 (full 1):
 PSYoungGen      total 84480K, used 11243K [0x00000000eab00000, 0x00000000f2100000, 0x0000000100000000)
  eden space 73216K, 0% used [0x00000000eab00000,0x00000000eab00000,0x00000000ef280000)
  from space 11264K, 99% used [0x00000000ef280000,0x00000000efd7af98,0x00000000efd80000)
  to   space 12800K, 0% used [0x00000000f1480000,0x00000000f1480000,0x00000000f2100000)
 ParOldGen       total 64512K, used 9589K [0x00000000c0000000, 0x00000000c3f00000, 0x00000000eab00000)
  object space 64512K, 14% used [0x00000000c0000000,0x00000000c095d598,0x00000000c3f00000)
 Metaspace       used 34796K, capacity 35382K, committed 35496K, reserved 1079296K
  class space    used 5058K, capacity 5263K, committed 5296K, reserved 1048576K
}
Event: 4.665 GC heap before
{Heap before GC invocations=11 (full 2):
 PSYoungGen      total 84480K, used 11243K [0x00000000eab00000, 0x00000000f2100000, 0x0000000100000000)
  eden space 73216K, 0% used [0x00000000eab00000,0x00000000eab00000,0x00000000ef280000)
  from space 11264K, 99% used [0x00000000ef280000,0x00000000efd7af98,0x00000000efd80000)
  to   space 12800K, 0% used [0x00000000f1480000,0x00000000f1480000,0x00000000f2100000)
 ParOldGen       total 64512K, used 9589K [0x00000000c0000000, 0x00000000c3f00000, 0x00000000eab00000)
  object space 64512K, 14% used [0x00000000c0000000,0x00000000c095d598,0x00000000c3f00000)
 Metaspace       used 34796K, capacity 35382K, committed 35496K, reserved 1079296K
  class space    used 5058K, capacity 5263K, committed 5296K, reserved 1048576K
Event: 4.724 GC heap after
Heap after GC invocations=11 (full 2):
 PSYoungGen      total 84480K, used 0K [0x00000000eab00000, 0x00000000f2100000, 0x0000000100000000)
  eden space 73216K, 0% used [0x00000000eab00000,0x00000000eab00000,0x00000000ef280000)
  from space 11264K, 0% used [0x00000000ef280000,0x00000000ef280000,0x00000000efd80000)
  to   space 12800K, 0% used [0x00000000f1480000,0x00000000f1480000,0x00000000f2100000)
 ParOldGen       total 103936K, used 18331K [0x00000000c0000000, 0x00000000c6580000, 0x00000000eab00000)
  object space 103936K, 17% used [0x00000000c0000000,0x00000000c11e6dc8,0x00000000c6580000)
 Metaspace       used 34796K, capacity 35382K, committed 35496K, reserved 1079296K
  class space    used 5058K, capacity 5263K, committed 5296K, reserved 1048576K
}
Event: 1521.298 GC heap before
{Heap before GC invocations=12 (full 2):
 PSYoungGen      total 84480K, used 73216K [0x00000000eab00000, 0x00000000f2100000, 0x0000000100000000)
  eden space 73216K, 100% used [0x00000000eab00000,0x00000000ef280000,0x00000000ef280000)
  from space 11264K, 0% used [0x00000000ef280000,0x00000000ef280000,0x00000000efd80000)
  to   space 12800K, 0% used [0x00000000f1480000,0x00000000f1480000,0x00000000f2100000)
 ParOldGen       total 103936K, used 18331K [0x00000000c0000000, 0x00000000c6580000, 0x00000000eab00000)
  object space 103936K, 17% used [0x00000000c0000000,0x00000000c11e6dc8,0x00000000c6580000)
 Metaspace       used 40566K, capacity 41276K, committed 41640K, reserved 1085440K
  class space    used 5796K, capacity 6023K, committed 6064K, reserved 1048576K
Event: 1521.382 GC heap after
Heap after GC invocations=12 (full 2):
 PSYoungGen      total 95232K, used 6785K [0x00000000eab00000, 0x00000000f1b80000, 0x0000000100000000)
  eden space 88064K, 0% used [0x00000000eab00000,0x00000000eab00000,0x00000000f0100000)
  from space 7168K, 94% used [0x00000000f1480000,0x00000000f1b20420,0x00000000f1b80000)
  to   space 12288K, 0% used [0x00000000f0380000,0x00000000f0380000,0x00000000f0f80000)
 ParOldGen       total 103936K, used 18339K [0x00000000c0000000, 0x00000000c6580000, 0x00000000eab00000)
  object space 103936K, 17% used [0x00000000c0000000,0x00000000c11e8dc8,0x00000000c6580000)
 Metaspace       used 40566K, capacity 41276K, committed 41640K, reserved 1085440K
  class space    used 5796K, capacity 6023K, committed 6064K, reserved 1048576K
}
Event: 12938.544 GC heap before
{Heap before GC invocations=13 (full 2):
 PSYoungGen      total 95232K, used 94849K [0x00000000eab00000, 0x00000000f1b80000, 0x0000000100000000)
  eden space 88064K, 100% used [0x00000000eab00000,0x00000000f0100000,0x00000000f0100000)
  from space 7168K, 94% used [0x00000000f1480000,0x00000000f1b20420,0x00000000f1b80000)
  to   space 12288K, 0% used [0x00000000f0380000,0x00000000f0380000,0x00000000f0f80000)
 ParOldGen       total 103936K, used 18339K [0x00000000c0000000, 0x00000000c6580000, 0x00000000eab00000)
  object space 103936K, 17% used [0x00000000c0000000,0x00000000c11e8dc8,0x00000000c6580000)
 Metaspace       used 40642K, capacity 41340K, committed 41640K, reserved 1085440K
  class space    used 5797K, capacity 6023K, committed 6064K, reserved 1048576K
Event: 12938.628 GC heap after
Heap after GC invocations=13 (full 2):
 PSYoungGen      total 92160K, used 5825K [0x00000000eab00000, 0x00000000f1700000, 0x0000000100000000)
  eden space 86016K, 0% used [0x00000000eab00000,0x00000000eab00000,0x00000000eff00000)
  from space 6144K, 94% used [0x00000000f0380000,0x00000000f0930420,0x00000000f0980000)
  to   space 12288K, 0% used [0x00000000f0b00000,0x00000000f0b00000,0x00000000f1700000)
 ParOldGen       total 103936K, used 18339K [0x00000000c0000000, 0x00000000c6580000, 0x00000000eab00000)
  object space 103936K, 17% used [0x00000000c0000000,0x00000000c11e8dc8,0x00000000c6580000)
 Metaspace       used 40642K, capacity 41340K, committed 41640K, reserved 1085440K
  class space    used 5797K, capacity 6023K, committed 6064K, reserved 1048576K
}
Event: 12939.047 GC heap before
{Heap before GC invocations=14 (full 2):
 PSYoungGen      total 92160K, used 91841K [0x00000000eab00000, 0x00000000f1700000, 0x0000000100000000)
  eden space 86016K, 100% used [0x00000000eab00000,0x00000000eff00000,0x00000000eff00000)
  from space 6144K, 94% used [0x00000000f0380000,0x00000000f0930420,0x00000000f0980000)
  to   space 12288K, 0% used [0x00000000f0b00000,0x00000000f0b00000,0x00000000f1700000)
 ParOldGen       total 103936K, used 18339K [0x00000000c0000000, 0x00000000c6580000, 0x00000000eab00000)
  object space 103936K, 17% used [0x00000000c0000000,0x00000000c11e8dc8,0x00000000c6580000)
 Metaspace       used 40646K, capacity 41340K, committed 41640K, reserved 1085440K
  class space    used 5797K, capacity 6023K, committed 6064K, reserved 1048576K
Event: 12939.052 GC heap after
Heap after GC invocations=14 (full 2):
 PSYoungGen      total 93184K, used 5889K [0x00000000eab00000, 0x00000000f1400000, 0x0000000100000000)
  eden space 83968K, 0% used [0x00000000eab00000,0x00000000eab00000,0x00000000efd00000)
  from space 9216K, 63% used [0x00000000f0b00000,0x00000000f10c0420,0x00000000f1400000)
  to   space 11776K, 0% used [0x00000000efd00000,0x00000000efd00000,0x00000000f0880000)
 ParOldGen       total 103936K, used 18339K [0x00000000c0000000, 0x00000000c6580000, 0x00000000eab00000)
  object space 103936K, 17% used [0x00000000c0000000,0x00000000c11e8dc8,0x00000000c6580000)
 Metaspace       used 40646K, capacity 41340K, committed 41640K, reserved 1085440K
  class space    used 5797K, capacity 6023K, committed 6064K, reserved 1048576K
}

