# JRE version: OpenJDK Runtime Environment (8.0_292-b10) (build 1.8.0_292-b10)
# Java VM: OpenJDK 64-Bit Server VM (25.292-b10 mixed mode windows-amd64 compressed oops)
Heap:
 PSYoungGen      total 131072K, used 64769K [0x00000000eab00000, 0x00000000f5580000, 0x0000000100000000)
  eden space 126976K, 51% used [0x00000000eab00000,0x00000000eea40530,0x00000000f2700000)
  from space 4096K, 0% used [0x00000000f3400000,0x00000000f3400000,0x00000000f3800000)
  to   space 13312K, 0% used [0x00000000f2700000,0x00000000f2700000,0x00000000f3400000)
 ParOldGen       total 117760K, used 18140K [0x00000000c0000000, 0x00000000c7300000, 0x00000000eab00000)
  object space 117760K, 15% used [0x00000000c0000000,0x00000000c11b71b8,0x00000000c7300000)
 Metaspace       used 35848K, capacity 36488K, committed 36648K, reserved 1081344K
  class space    used 5196K, capacity 5407K, committed 5424K, reserved 1048576K
GC Heap History (10 events):
Event: 2.205 GC heap before
{Heap before GC invocations=6 (full 1):
 PSYoungGen      total 71680K, used 5114K [0x00000000eab00000, 0x00000000f4200000, 0x0000000100000000)
  eden space 66560K, 0% used [0x00000000eab00000,0x00000000eab00000,0x00000000eec00000)
  from space 5120K, 99% used [0x00000000eec00000,0x00000000ef0fe890,0x00000000ef100000)
  to   space 10752K, 0% used [0x00000000f3780000,0x00000000f3780000,0x00000000f4200000)
 ParOldGen       total 87552K, used 8652K [0x00000000c0000000, 0x00000000c5580000, 0x00000000eab00000)
  object space 87552K, 9% used [0x00000000c0000000,0x00000000c0873278,0x00000000c5580000)
 Metaspace       used 20929K, capacity 21236K, committed 21296K, reserved 1067008K
  class space    used 2977K, capacity 3101K, committed 3120K, reserved 1048576K
Event: 2.289 GC heap after
Heap after GC invocations=6 (full 1):
 PSYoungGen      total 71680K, used 0K [0x00000000eab00000, 0x00000000f4200000, 0x0000000100000000)
  eden space 66560K, 0% used [0x00000000eab00000,0x00000000eab00000,0x00000000eec00000)
  from space 5120K, 0% used [0x00000000eec00000,0x00000000eec00000,0x00000000ef100000)
  to   space 10752K, 0% used [0x00000000f3780000,0x00000000f3780000,0x00000000f4200000)
 ParOldGen       total 69120K, used 8781K [0x00000000c0000000, 0x00000000c4380000, 0x00000000eab00000)
  object space 69120K, 12% used [0x00000000c0000000,0x00000000c0893678,0x00000000c4380000)
 Metaspace       used 20929K, capacity 21236K, committed 21296K, reserved 1067008K
  class space    used 2977K, capacity 3101K, committed 3120K, reserved 1048576K
}
Event: 3.081 GC heap before
{Heap before GC invocations=7 (full 1):
 PSYoungGen      total 71680K, used 66560K [0x00000000eab00000, 0x00000000f4200000, 0x0000000100000000)
  eden space 66560K, 100% used [0x00000000eab00000,0x00000000eec00000,0x00000000eec00000)
  from space 5120K, 0% used [0x00000000eec00000,0x00000000eec00000,0x00000000ef100000)
  to   space 10752K, 0% used [0x00000000f3780000,0x00000000f3780000,0x00000000f4200000)
 ParOldGen       total 69120K, used 8781K [0x00000000c0000000, 0x00000000c4380000, 0x00000000eab00000)
  object space 69120K, 12% used [0x00000000c0000000,0x00000000c0893678,0x00000000c4380000)
 Metaspace       used 25991K, capacity 26334K, committed 26672K, reserved 1073152K
  class space    used 3693K, capacity 3816K, committed 3888K, reserved 1048576K
Event: 3.093 GC heap after
Heap after GC invocations=7 (full 1):
 PSYoungGen      total 94720K, used 6177K [0x00000000eab00000, 0x00000000f3e00000, 0x0000000100000000)
  eden space 88064K, 0% used [0x00000000eab00000,0x00000000eab00000,0x00000000f0100000)
  from space 6656K, 92% used [0x00000000f3780000,0x00000000f3d88760,0x00000000f3e00000)
  to   space 10240K, 0% used [0x00000000f2a00000,0x00000000f2a00000,0x00000000f3400000)
 ParOldGen       total 69120K, used 8789K [0x00000000c0000000, 0x00000000c4380000, 0x00000000eab00000)
  object space 69120K, 12% used [0x00000000c0000000,0x00000000c0895678,0x00000000c4380000)
 Metaspace       used 25991K, capacity 26334K, committed 26672K, reserved 1073152K
  class space    used 3693K, capacity 3816K, committed 3888K, reserved 1048576K
}
Event: 4.212 GC heap before
{Heap before GC invocations=8 (full 1):
 PSYoungGen      total 94720K, used 94241K [0x00000000eab00000, 0x00000000f3e00000, 0x0000000100000000)
  eden space 88064K, 100% used [0x00000000eab00000,0x00000000f0100000,0x00000000f0100000)
  from space 6656K, 92% used [0x00000000f3780000,0x00000000f3d88760,0x00000000f3e00000)
  to   space 10240K, 0% used [0x00000000f2a00000,0x00000000f2a00000,0x00000000f3400000)
 ParOldGen       total 69120K, used 8789K [0x00000000c0000000, 0x00000000c4380000, 0x00000000eab00000)
  object space 69120K, 12% used [0x00000000c0000000,0x00000000c0895678,0x00000000c4380000)
 Metaspace       used 31365K, capacity 31792K, committed 31920K, reserved 1077248K
  class space    used 4541K, capacity 4687K, committed 4784K, reserved 1048576K
Event: 4.223 GC heap after
Heap after GC invocations=8 (full 1):
 PSYoungGen      total 124416K, used 10212K [0x00000000eab00000, 0x00000000f3800000, 0x0000000100000000)
  eden space 114176K, 0% used [0x00000000eab00000,0x00000000eab00000,0x00000000f1a80000)
  from space 10240K, 99% used [0x00000000f2a00000,0x00000000f33f9060,0x00000000f3400000)
  to   space 4096K, 0% used [0x00000000f3400000,0x00000000f3400000,0x00000000f3800000)
 ParOldGen       total 69120K, used 9364K [0x00000000c0000000, 0x00000000c4380000, 0x00000000eab00000)
  object space 69120K, 13% used [0x00000000c0000000,0x00000000c0925170,0x00000000c4380000)
 Metaspace       used 31365K, capacity 31792K, committed 31920K, reserved 1077248K
  class space    used 4541K, capacity 4687K, committed 4784K, reserved 1048576K
}
Event: 4.774 GC heap before
{Heap before GC invocations=9 (full 1):
 PSYoungGen      total 124416K, used 55280K [0x00000000eab00000, 0x00000000f3800000, 0x0000000100000000)
  eden space 114176K, 39% used [0x00000000eab00000,0x00000000ed7032a8,0x00000000f1a80000)
  from space 10240K, 99% used [0x00000000f2a00000,0x00000000f33f9060,0x00000000f3400000)
  to   space 4096K, 0% used [0x00000000f3400000,0x00000000f3400000,0x00000000f3800000)
 ParOldGen       total 69120K, used 9364K [0x00000000c0000000, 0x00000000c4380000, 0x00000000eab00000)
  object space 69120K, 13% used [0x00000000c0000000,0x00000000c0925170,0x00000000c4380000)
 Metaspace       used 34767K, capacity 35382K, committed 35496K, reserved 1079296K
  class space    used 5053K, capacity 5263K, committed 5296K, reserved 1048576K
Event: 4.783 GC heap after
Heap after GC invocations=9 (full 1):
 PSYoungGen      total 131072K, used 4096K [0x00000000eab00000, 0x00000000f5580000, 0x0000000100000000)
  eden space 126976K, 0% used [0x00000000eab00000,0x00000000eab00000,0x00000000f2700000)
  from space 4096K, 100% used [0x00000000f3400000,0x00000000f3800000,0x00000000f3800000)
  to   space 13312K, 0% used [0x00000000f2700000,0x00000000f2700000,0x00000000f3400000)
 ParOldGen       total 69120K, used 16947K [0x00000000c0000000, 0x00000000c4380000, 0x00000000eab00000)
  object space 69120K, 24% used [0x00000000c0000000,0x00000000c108ccb0,0x00000000c4380000)
 Metaspace       used 34767K, capacity 35382K, committed 35496K, reserved 1079296K
  class space    used 5053K, capacity 5263K, committed 5296K, reserved 1048576K
}
Event: 4.783 GC heap before
{Heap before GC invocations=10 (full 2):
 PSYoungGen      total 131072K, used 4096K [0x00000000eab00000, 0x00000000f5580000, 0x0000000100000000)
  eden space 126976K, 0% used [0x00000000eab00000,0x00000000eab00000,0x00000000f2700000)
  from space 4096K, 100% used [0x00000000f3400000,0x00000000f3800000,0x00000000f3800000)
  to   space 13312K, 0% used [0x00000000f2700000,0x00000000f2700000,0x00000000f3400000)
 ParOldGen       total 69120K, used 16947K [0x00000000c0000000, 0x00000000c4380000, 0x00000000eab00000)
  object space 69120K, 24% used [0x00000000c0000000,0x00000000c108ccb0,0x00000000c4380000)
 Metaspace       used 34767K, capacity 35382K, committed 35496K, reserved 1079296K
  class space    used 5053K, capacity 5263K, committed 5296K, reserved 1048576K
Event: 4.852 GC heap after
Heap after GC invocations=10 (full 2):
 PSYoungGen      total 131072K, used 0K [0x00000000eab00000, 0x00000000f5580000, 0x0000000100000000)
  eden space 126976K, 0% used [0x00000000eab00000,0x00000000eab00000,0x00000000f2700000)
  from space 4096K, 0% used [0x00000000f3400000,0x00000000f3400000,0x00000000f3800000)
  to   space 13312K, 0% used [0x00000000f2700000,0x00000000f2700000,0x00000000f3400000)
 ParOldGen       total 117760K, used 18140K [0x00000000c0000000, 0x00000000c7300000, 0x00000000eab00000)
  object space 117760K, 15% used [0x00000000c0000000,0x00000000c11b71b8,0x00000000c7300000)
 Metaspace       used 34767K, capacity 35382K, committed 35496K, reserved 1079296K
  class space    used 5053K, capacity 5263K, committed 5296K, reserved 1048576K
}

