# JRE version: OpenJDK Runtime Environment (8.0_292-b10) (build 1.8.0_292-b10)
# Java VM: OpenJDK 64-Bit Server VM (25.292-b10 mixed mode windows-amd64 compressed oops)
Heap:
 PSYoungGen      total 90112K, used 58358K [0x00000000eab00000, 0x00000000f2a00000, 0x0000000100000000)
  eden space 78848K, 74% used [0x00000000eab00000,0x00000000ee3fd990,0x00000000ef800000)
  from space 11264K, 0% used [0x00000000ef800000,0x00000000ef800000,0x00000000f0300000)
  to   space 12288K, 0% used [0x00000000f1e00000,0x00000000f1e00000,0x00000000f2a00000)
 ParOldGen       total 99328K, used 18282K [0x00000000c0000000, 0x00000000c6100000, 0x00000000eab00000)
  object space 99328K, 18% used [0x00000000c0000000,0x00000000c11daae8,0x00000000c6100000)
 Metaspace       used 35848K, capacity 36488K, committed 36648K, reserved 1081344K
  class space    used 5194K, capacity 5407K, committed 5424K, reserved 1048576K
GC Heap History (10 events):
Event: 2.949 GC heap before
{Heap before GC invocations=7 (full 1):
 PSYoungGen      total 38400K, used 33280K [0x00000000eab00000, 0x00000000f0100000, 0x0000000100000000)
  eden space 33280K, 100% used [0x00000000eab00000,0x00000000ecb80000,0x00000000ecb80000)
  from space 5120K, 0% used [0x00000000ecb80000,0x00000000ecb80000,0x00000000ed080000)
  to   space 10752K, 0% used [0x00000000ef680000,0x00000000ef680000,0x00000000f0100000)
 ParOldGen       total 62976K, used 8780K [0x00000000c0000000, 0x00000000c3d80000, 0x00000000eab00000)
  object space 62976K, 13% used [0x00000000c0000000,0x00000000c0893278,0x00000000c3d80000)
 Metaspace       used 23846K, capacity 24172K, committed 24240K, reserved 1071104K
  class space    used 3322K, capacity 3461K, committed 3504K, reserved 1048576K
Event: 2.955 GC heap after
Heap after GC invocations=7 (full 1):
 PSYoungGen      total 55296K, used 3380K [0x00000000eab00000, 0x00000000efa00000, 0x0000000100000000)
  eden space 51712K, 0% used [0x00000000eab00000,0x00000000eab00000,0x00000000edd80000)
  from space 3584K, 94% used [0x00000000ef680000,0x00000000ef9cd160,0x00000000efa00000)
  to   space 10752K, 0% used [0x00000000ee500000,0x00000000ee500000,0x00000000eef80000)
 ParOldGen       total 62976K, used 8788K [0x00000000c0000000, 0x00000000c3d80000, 0x00000000eab00000)
  object space 62976K, 13% used [0x00000000c0000000,0x00000000c0895278,0x00000000c3d80000)
 Metaspace       used 23846K, capacity 24172K, committed 24240K, reserved 1071104K
  class space    used 3322K, capacity 3461K, committed 3504K, reserved 1048576K
}
Event: 3.644 GC heap before
{Heap before GC invocations=8 (full 1):
 PSYoungGen      total 55296K, used 55092K [0x00000000eab00000, 0x00000000efa00000, 0x0000000100000000)
  eden space 51712K, 100% used [0x00000000eab00000,0x00000000edd80000,0x00000000edd80000)
  from space 3584K, 94% used [0x00000000ef680000,0x00000000ef9cd160,0x00000000efa00000)
  to   space 10752K, 0% used [0x00000000ee500000,0x00000000ee500000,0x00000000eef80000)
 ParOldGen       total 62976K, used 8788K [0x00000000c0000000, 0x00000000c3d80000, 0x00000000eab00000)
  object space 62976K, 13% used [0x00000000c0000000,0x00000000c0895278,0x00000000c3d80000)
 Metaspace       used 27005K, capacity 27352K, committed 27568K, reserved 1073152K
  class space    used 3841K, capacity 3961K, committed 4016K, reserved 1048576K
Event: 3.652 GC heap after
Heap after GC invocations=8 (full 1):
 PSYoungGen      total 70144K, used 6539K [0x00000000eab00000, 0x00000000f0d00000, 0x0000000100000000)
  eden space 59392K, 0% used [0x00000000eab00000,0x00000000eab00000,0x00000000ee500000)
  from space 10752K, 60% used [0x00000000ee500000,0x00000000eeb62d90,0x00000000eef80000)
  to   space 10240K, 0% used [0x00000000f0300000,0x00000000f0300000,0x00000000f0d00000)
 ParOldGen       total 62976K, used 8796K [0x00000000c0000000, 0x00000000c3d80000, 0x00000000eab00000)
  object space 62976K, 13% used [0x00000000c0000000,0x00000000c0897278,0x00000000c3d80000)
 Metaspace       used 27005K, capacity 27352K, committed 27568K, reserved 1073152K
  class space    used 3841K, capacity 3961K, committed 4016K, reserved 1048576K
}
Event: 4.364 GC heap before
{Heap before GC invocations=9 (full 1):
 PSYoungGen      total 70144K, used 65931K [0x00000000eab00000, 0x00000000f0d00000, 0x0000000100000000)
  eden space 59392K, 100% used [0x00000000eab00000,0x00000000ee500000,0x00000000ee500000)
  from space 10752K, 60% used [0x00000000ee500000,0x00000000eeb62d90,0x00000000eef80000)
  to   space 10240K, 0% used [0x00000000f0300000,0x00000000f0300000,0x00000000f0d00000)
 ParOldGen       total 62976K, used 8796K [0x00000000c0000000, 0x00000000c3d80000, 0x00000000eab00000)
  object space 62976K, 13% used [0x00000000c0000000,0x00000000c0897278,0x00000000c3d80000)
 Metaspace       used 31152K, capacity 31524K, committed 31792K, reserved 1077248K
  class space    used 4489K, capacity 4619K, committed 4656K, reserved 1048576K
Event: 4.373 GC heap after
Heap after GC invocations=9 (full 1):
 PSYoungGen      total 89088K, used 9082K [0x00000000eab00000, 0x00000000f1a80000, 0x0000000100000000)
  eden space 78848K, 0% used [0x00000000eab00000,0x00000000eab00000,0x00000000ef800000)
  from space 10240K, 88% used [0x00000000f0300000,0x00000000f0bde9f0,0x00000000f0d00000)
  to   space 11264K, 0% used [0x00000000ef800000,0x00000000ef800000,0x00000000f0300000)
 ParOldGen       total 62976K, used 8804K [0x00000000c0000000, 0x00000000c3d80000, 0x00000000eab00000)
  object space 62976K, 13% used [0x00000000c0000000,0x00000000c0899278,0x00000000c3d80000)
 Metaspace       used 31152K, capacity 31524K, committed 31792K, reserved 1077248K
  class space    used 4489K, capacity 4619K, committed 4656K, reserved 1048576K
}
Event: 4.975 GC heap before
{Heap before GC invocations=10 (full 1):
 PSYoungGen      total 89088K, used 63526K [0x00000000eab00000, 0x00000000f1a80000, 0x0000000100000000)
  eden space 78848K, 69% used [0x00000000eab00000,0x00000000ee02af40,0x00000000ef800000)
  from space 10240K, 88% used [0x00000000f0300000,0x00000000f0bde9f0,0x00000000f0d00000)
  to   space 11264K, 0% used [0x00000000ef800000,0x00000000ef800000,0x00000000f0300000)
 ParOldGen       total 62976K, used 8804K [0x00000000c0000000, 0x00000000c3d80000, 0x00000000eab00000)
  object space 62976K, 13% used [0x00000000c0000000,0x00000000c0899278,0x00000000c3d80000)
 Metaspace       used 34799K, capacity 35382K, committed 35496K, reserved 1079296K
  class space    used 5053K, capacity 5263K, committed 5296K, reserved 1048576K
Event: 4.984 GC heap after
Heap after GC invocations=10 (full 1):
 PSYoungGen      total 90112K, used 10441K [0x00000000eab00000, 0x00000000f2a00000, 0x0000000100000000)
  eden space 78848K, 0% used [0x00000000eab00000,0x00000000eab00000,0x00000000ef800000)
  from space 11264K, 92% used [0x00000000ef800000,0x00000000f0232538,0x00000000f0300000)
  to   space 12288K, 0% used [0x00000000f1e00000,0x00000000f1e00000,0x00000000f2a00000)
 ParOldGen       total 62976K, used 10296K [0x00000000c0000000, 0x00000000c3d80000, 0x00000000eab00000)
  object space 62976K, 16% used [0x00000000c0000000,0x00000000c0a0e2a8,0x00000000c3d80000)
 Metaspace       used 34799K, capacity 35382K, committed 35496K, reserved 1079296K
  class space    used 5053K, capacity 5263K, committed 5296K, reserved 1048576K
}
Event: 4.984 GC heap before
{Heap before GC invocations=11 (full 2):
 PSYoungGen      total 90112K, used 10441K [0x00000000eab00000, 0x00000000f2a00000, 0x0000000100000000)
  eden space 78848K, 0% used [0x00000000eab00000,0x00000000eab00000,0x00000000ef800000)
  from space 11264K, 92% used [0x00000000ef800000,0x00000000f0232538,0x00000000f0300000)
  to   space 12288K, 0% used [0x00000000f1e00000,0x00000000f1e00000,0x00000000f2a00000)
 ParOldGen       total 62976K, used 10296K [0x00000000c0000000, 0x00000000c3d80000, 0x00000000eab00000)
  object space 62976K, 16% used [0x00000000c0000000,0x00000000c0a0e2a8,0x00000000c3d80000)
 Metaspace       used 34799K, capacity 35382K, committed 35496K, reserved 1079296K
  class space    used 5053K, capacity 5263K, committed 5296K, reserved 1048576K
Event: 5.036 GC heap after
Heap after GC invocations=11 (full 2):
 PSYoungGen      total 90112K, used 0K [0x00000000eab00000, 0x00000000f2a00000, 0x0000000100000000)
  eden space 78848K, 0% used [0x00000000eab00000,0x00000000eab00000,0x00000000ef800000)
  from space 11264K, 0% used [0x00000000ef800000,0x00000000ef800000,0x00000000f0300000)
  to   space 12288K, 0% used [0x00000000f1e00000,0x00000000f1e00000,0x00000000f2a00000)
 ParOldGen       total 99328K, used 18282K [0x00000000c0000000, 0x00000000c6100000, 0x00000000eab00000)
  object space 99328K, 18% used [0x00000000c0000000,0x00000000c11daae8,0x00000000c6100000)
 Metaspace       used 34799K, capacity 35382K, committed 35496K, reserved 1079296K
  class space    used 5053K, capacity 5263K, committed 5296K, reserved 1048576K
}

